{"timestamp":"2026-04-05T01:07:16.975Z","sessionId":"073ac03c-5f90-4f19-9b3f-f87eb47bddea","action":"window_info","command":"8029c80fdabf56e77ef58805e5b576ff:bcadb783cd72e3f47b91a7fa9601e40d","riskLevel":"low","success":true,"executionTime":1}
{"timestamp":"2026-04-05T01:09:09.213Z","sessionId":"b23a94f2-9909-4b1c-b51d-9cca0aa51269","action":"screenshot","command":"98fa280350099729eefdef207936acde:3271f15d7ae177ef4eb2249c8a275bb0","riskLevel":"low","success":true,"executionTime":1}
{"timestamp":"2026-04-05T01:09:19.180Z","sessionId":"69b4d8b0-f584-459e-9f94-8094acce9ecc","action":"command","command":"5411ecff7e52a56371bc70daa3d8d111:0aceec54b511969ab413183749b0a940549d604e24182b998ad0e79511fcdc11","riskLevel":"low","success":true,"executionTime":0}
{"timestamp":"2026-04-05T01:09:22.886Z","sessionId":"da5f8725-c705-463a-92a7-61baff550b57","action":"command","command":"24883db1ef966b86a3408fcee71432f3:8c31c0f67ad9862b10fa528ef4e9472d","riskLevel":"low","success":true,"executionTime":1}
{"timestamp":"2026-04-05T01:09:29.106Z","sessionId":"1410ce6e-8ae2-4d5a-aad8-9aaa57bdbcdf","action":"command","command":"20843d6e51be32fd3ae31838ed7bf242:a27f02a130b4da5cce3cf9d7229e5b7f","riskLevel":"low","success":true,"executionTime":1}
{"timestamp":"2026-04-05T01:09:32.175Z","sessionId":"011900c5-6c41-4615-82a1-9a5e5805c49e","action":"command","command":"60f4e631112e137b5af096bc92887887:ccd7b1e6e38b704de26c8459ff7df7c7","riskLevel":"low","success":true,"executionTime":0}
{"timestamp":"2026-04-05T01:09:35.284Z","sessionId":"b48dface-18d0-40ff-9c02-d195b690afcb","action":"command","command":"decd44ee7d7e1bf3534bf14503c91229:646f389658d21970929249d04e779658","riskLevel":"low","success":true,"executionTime":0}
{"timestamp":"2026-04-05T01:09:39.415Z","sessionId":"4fbe1ac1-64c0-4c6d-b28f-7217318e60ba","action":"command","command":"890283aef8c014c8e1874eccc0db6230:d74be14fc225da22a179db88ad938a67","riskLevel":"low","success":true,"executionTime":0}
{"timestamp":"2026-04-05T01:09:45.097Z","sessionId":"9b39a85c-c54f-42dd-98d9-ba47a159104b","action":"command","command":"7ff3a49a32183c0f11197e7419025b1d:08e9b0085abb2ef5895b4d2442d465b8","riskLevel":"low","success":true,"executionTime":0}
{"timestamp":"2026-04-05T01:09:55.014Z","sessionId":"26002ccc-56f0-49d6-b889-fd04de6f759c","action":"screenshot","command":"04755f28b736275dbe1bc172fdbd5a17:e5bc5ab05600deb6ca37d301b9bbe416","riskLevel":"low","success":true,"executionTime":1}
{"timestamp":"2026-04-05T01:10:07.428Z","sessionId":"b32c8fb6-f703-4d61-85fe-001eb5ea7e27","action":"command","command":"9f457916779710f428871ce343b6014c:a2ced07bb86c99146dc92915cb8c08c9","riskLevel":"low","success":true,"executionTime":0}
{"timestamp":"2026-04-05T01:10:30.316Z","sessionId":"deb18dc8-10d0-446d-978d-cb43c2a3505a","action":"command","command":"55c398c07936b412007b0d10769e7342:5105b577caf5a240a4b9f57f0db2efc7","riskLevel":"low","success":true,"executionTime":0}
{"timestamp":"2026-04-05T01:10:33.386Z","sessionId":"ecfed500-9c75-449e-895f-f485ae0e95cb","action":"screenshot","command":"b1348da3c06527cb6c6985123bc419a1:ad3f8d018a000c5d0f17588024300f22","riskLevel":"low","success":true,"executionTime":1}
{"timestamp":"2026-04-05T01:11:13.689Z","sessionId":"a99fbf44-5553-4b64-9166-7d6cd562f0af","action":"command","command":"d5f6dbaf3ab2c702ca554d8aa746e47d:2b14db58431dcb0a4a93f4b8d3816954","riskLevel":"low","success":true,"executionTime":0}
{"timestamp":"2026-04-05T01:11:17.456Z","sessionId":"c8c039aa-94d9-40cb-8461-9bb4486fafda","action":"command","command":"cded76356d497d52559cbaf2dd7e1a27:07fccfa647e0eff062027ade549005b5d9b1d6769d62f70090e5f6ea7a1002f6","riskLevel":"low","success":true,"executionTime":0}
{"timestamp":"2026-04-05T01:11:20.873Z","sessionId":"1e792ea9-be9b-4599-9999-f61a1d60637c","action":"command","command":"6d33be745cbbe27c1b05b08a92aa4a22:6fc7e660ef5d62974373cb5a5023c902","riskLevel":"low","success":true,"executionTime":1}
{"timestamp":"2026-04-05T01:11:26.543Z","sessionId":"79c46f4e-08bf-40a3-be89-889505a8906c","action":"screenshot","command":"d32e6d19c442672158bd251dfbdd91ac:8f139b165376fb92779aea98f0362d1a","riskLevel":"low","success":true,"executionTime":0}
{"timestamp":"2026-04-05T01:12:06.971Z","sessionId":"8646fecd-ec42-4eca-ac9f-ef3921f7e7d4","action":"command","command":"a404b88e6f4620270ee3b8dbc7910023:0abc177b9d9b9e44abfc432d74e4e543","riskLevel":"low","success":true,"executionTime":0}
{"timestamp":"2026-04-05T01:18:10.176Z","sessionId":"8afd985a-7fe3-4627-a048-22794e8f4a2e","action":"screenshot","command":"0e810866cb2916f1505e06978ad50440:25883abce9579288f746d721357da5af","riskLevel":"low","success":true,"executionTime":0}
{"timestamp":"2026-04-05T01:18:21.040Z","sessionId":"21d2a075-757e-44b8-b195-7b3182103de5","action":"command","command":"c59eaecaea1cd82d12397bf45db676b7:d357b04b973617b8e83589642ae678dd","riskLevel":"low","success":true,"executionTime":0}
{"timestamp":"2026-04-05T01:18:25.969Z","sessionId":"84bf92cf-5652-4ce5-862c-6da6f4a03a98","action":"screenshot","command":"fa85083f598d6ac51e666f49fc03ce89:760ae0b43eb3f1e1cc4aaf7af355febc","riskLevel":"low","success":true,"executionTime":0}
{"timestamp":"2026-04-05T01:18:59.710Z","sessionId":"36058283-721f-4768-a1c1-ca011e39b682","action":"command","command":"6594e94a433957f556a2dd65d1aaab0f:b30c0e8732fc4af4ef9229594bb3c0b0","riskLevel":"low","success":true,"executionTime":1}
{"timestamp":"2026-04-05T01:19:04.648Z","sessionId":"ec0c419a-3a63-40ef-bc3d-a35bf9113817","action":"screenshot","command":"71578381b69e2f26fcf43a43adc3bd36:ede18226ffa65a4d8d5982ecd94799eb","riskLevel":"low","success":true,"executionTime":0}
{"timestamp":"2026-04-05T01:22:54.407Z","sessionId":"0602c8c6-aa07-4d09-b1b2-6c2af9b59e74","action":"screenshot","command":"52257894a57e31d4442cf92dc73be3d1:304748901600f0d870f78d4e69aab710","riskLevel":"low","success":true,"executionTime":0}
{"timestamp":"2026-04-05T01:23:03.998Z","sessionId":"f9cebbf1-9e59-4cb9-be39-2d4fc7da1157","action":"command","command":"d7b46670127606b8624eed09641a42bb:69484492554b95a9eb3dcd050a4ca75d","riskLevel":"low","success":true,"executionTime":0}
{"timestamp":"2026-04-05T01:23:11.685Z","sessionId":"2c30fff3-fcc7-4ef9-b6ab-d01cc53b49eb","action":"command","command":"a32850796a53daa7dde1831d0709bb12:9f77bf7a2320ee9cf51711f9e91bf9de","riskLevel":"low","success":true,"executionTime":0}
{"timestamp":"2026-04-05T01:23:17.205Z","sessionId":"9c206e10-993c-4932-ab9d-edc8fa3d2af8","action":"screenshot","command":"05c65990b61ef29a742d0bfa657ec134:4406ed290f382b914f2ce46916360aac","riskLevel":"low","success":true,"executionTime":0}
{"timestamp":"2026-04-05T01:23:25.324Z","sessionId":"36ea8448-8c98-4ded-a628-ca7cac5f83f0","action":"command","command":"8ca49db0cd270ef1f5aeadd03163cc9a:8ffed942fc83e386cb2a57340a7578800a1d4db1cbaf4eefdcac3dc1f3057731","riskLevel":"low","success":true,"executionTime":0}
{"timestamp":"2026-04-05T01:23:41.579Z","sessionId":"852d06de-c542-431c-87c1-b6c699238b74","action":"screenshot","command":"5bd89de8b1dba5999b489b23eba37106:be2de8e0b6a315d6ed406d51c3c76c43","riskLevel":"low","success":true,"executionTime":1}
{"timestamp":"2026-04-05T01:43:04.765Z","sessionId":"10b70831-0add-41c3-8f1c-2a70b4bb0f20","action":"command","command":"e74c5cea9412acba5bc101550a8f4e7d:f5b3752cd73fd2449b8345a67ae9305eacddd2079b6573a4aac91e07734250a0","riskLevel":"low","success":true,"executionTime":0}
{"timestamp":"2026-04-05T01:43:15.618Z","sessionId":"63f88463-aaec-4ec8-a366-c2e8d8788080","action":"command","command":"c7e4e01e388cedd17996393a9f831476:7b7de4c6e3f5f02cfe2a663c9a62abc6","riskLevel":"low","success":true,"executionTime":1}
{"timestamp":"2026-04-05T01:43:22.849Z","sessionId":"81e0802b-322d-4ff0-8066-d9c02816d396","action":"command","command":"f45ab18e46fd89a4cf58dc2c2f334b14:fe75e77b34a6708b9c0c8d84ed619ef2","riskLevel":"low","success":true,"executionTime":0}
{"timestamp":"2026-04-05T01:50:26.540Z","sessionId":"92ca46a4-3f17-4673-8524-94b2917ee0c2","action":"screenshot","command":"2eed8bc0f09c04bf05963606676da7da:b638042da5327e147e3ecdb1937ed97a","riskLevel":"low","success":true,"executionTime":0}
{"timestamp":"2026-04-05T01:50:36.723Z","sessionId":"b52ccd5d-beca-4cea-af2a-501b9715083c","action":"command","command":"5af668d063dd5ac4ed471b4efcb2f648:dd93690bd96a595e118dcee7d574446d","riskLevel":"low","success":true,"executionTime":0}
{"timestamp":"2026-04-05T01:50:43.939Z","sessionId":"c87072c0-4f43-4b27-8dd2-d0c6719db6d4","action":"command","command":"94732cf87497b8854de0c65646834eed:cb2b127d7a0aa38936351dfe47afbdba","riskLevel":"low","success":true,"executionTime":1}
{"timestamp":"2026-04-05T01:50:50.595Z","sessionId":"86adb5f3-96ab-42d0-94ac-9d6600e2b5ca","action":"screenshot","command":"c57ec964cdfad1dc8f6cee94c40c5b41:65315919288c5a4c470260aa45330cb4","riskLevel":"low","success":true,"executionTime":1}
{"timestamp":"2026-04-05T01:51:23.837Z","sessionId":"24da78b5-da89-4d4f-a2a5-3f9f130e6bcc","action":"command","command":"3c82cf00e5d8c5ff5a6c59c350f88bc1:c522a6d0ab45aa00b9031d23c95da9e356f059252819a05c8b120bf3eff5c043","riskLevel":"low","success":true,"executionTime":1}
{"timestamp":"2026-04-05T02:17:28.199Z","sessionId":"0435890e-b790-4da3-a69e-b0fca5e3b05f","action":"screenshot","command":"acba1ff84fde48f9fb46e6ed7bf127fb:e0238c4ea9dfd1f83b4c0dada666a1dc","riskLevel":"low","success":true,"executionTime":1}
{"timestamp":"2026-04-05T02:17:37.977Z","sessionId":"10f1f1f4-fccd-469f-afcc-97cdb703f5c1","action":"screenshot","command":"db3090be90a41f325a35de24e357e5d9:58735763f353cf0ef058c57c71d4390a","riskLevel":"low","success":true,"executionTime":11}
{"timestamp":"2026-04-05T02:18:25.536Z","sessionId":"19c44254-2cce-48d8-adb0-41b3c446ea2d","action":"command","command":"d81709b38281834f5fcacb1f01e78b7f:903fb303e919df2da3622be6306e4338","riskLevel":"low","success":true,"executionTime":0}
{"timestamp":"2026-04-05T02:21:39.707Z","sessionId":"eba8f920-a8cd-4820-b819-7a57e36bd3b9","action":"screenshot","command":"3d0c00235225049a7408b749920a495d:439f3f108d8e70d5ef338984f5ca26fc","riskLevel":"low","success":true,"executionTime":0}
{"timestamp":"2026-04-05T02:23:08.608Z","sessionId":"0c64b4da-6bfe-4c27-84bb-de1d6d700c97","action":"command","command":"627b4a206d4032dc784cbe7f992bbeee:ce9200c408dd3ca2943e78a97628cc2f","riskLevel":"low","success":true,"executionTime":0}
{"timestamp":"2026-04-05T02:23:18.237Z","sessionId":"a4682654-268f-40ff-b288-6abd074d90bf","action":"screenshot","command":"505e31d4a28af2ec85b799969b90a567:e448b017aa22a92099965670b263938e","riskLevel":"low","success":true,"executionTime":1}
{"timestamp":"2026-04-05T02:23:31.672Z","sessionId":"e7df988d-3ef0-4e3e-a69e-5e28f1b0c8ff","action":"command","command":"7e1a67153ef09a6ffa7e5647e6a43d9c:739980d8233b0cea9664018d976fd8ce","riskLevel":"low","success":true,"executionTime":0}
{"timestamp":"2026-04-05T02:23:40.782Z","sessionId":"ed69e746-6886-48d3-812c-ee3e308e73f0","action":"screenshot","command":"34f96579bcb91385c5541242b598cc94:b38dde864fe2dfaa9bbd922010a65edd","riskLevel":"low","success":true,"executionTime":0}
{"timestamp":"2026-04-05T02:26:48.482Z","sessionId":"0fc74b15-0af1-40c0-9d23-798890a59802","action":"command","command":"1e0e06b1af4cc3ce44da1f4ee0847308:c2d43ad697928e792fe9e5b7f72889a4","riskLevel":"low","success":true,"executionTime":0}
{"timestamp":"2026-04-05T10:06:19.636Z","sessionId":"5b3e7e60-614c-4800-957a-df7069e019ca","action":"screenshot","command":"62a2a785deccc5d34c029bd553aefe94:2005442b29df0a87fd10658196d3c1d7","riskLevel":"low","success":true,"executionTime":0}
{"timestamp":"2026-04-05T10:07:18.896Z","sessionId":"cbde9545-b948-4c57-b8aa-e2edff06291e","action":"screenshot","command":"997c6aa9973d474d090f04803d63c3c3:152aa74a4cf8daf034aa709a153021fe","riskLevel":"low","success":true,"executionTime":1}
{"timestamp":"2026-04-05T10:08:26.769Z","sessionId":"1fcf1ef4-f4cf-4dc4-9fee-c8400122feb8","action":"screenshot","command":"8b9394267651b6973d5d4b73f3e3cccb:1c60a11b468cbd2424363132777b2357","riskLevel":"low","success":true,"executionTime":0}
{"timestamp":"2026-04-05T13:20:49.009Z","sessionId":"d210cb0a-137e-45b1-b5e4-9ecd03ab24f8","action":"screenshot","command":"1dd5a4559c6a994fec133edaba844691:8a3969eb9303f2e6f1fd5065509fa32e","riskLevel":"low","success":true,"executionTime":0}
{"timestamp":"2026-04-05T13:37:17.029Z","sessionId":"2a7f11b5-b702-4b87-9fda-53be922d9c4f","action":"screenshot","command":"0bdc70c839b2599f8efa2ae04fd162fc:1012ab83c135118277fea74d8bdc051c","riskLevel":"low","success":true,"executionTime":0}
{"timestamp":"2026-04-05T13:37:33.882Z","sessionId":"b54c4f72-64f5-43e9-8f2c-5893b2fc98e1","action":"command","command":"f1cbf4f1e2c1e7a8de42e777c0add8fe:f16f63a444797d28bab654ade6db5ae4","riskLevel":"low","success":true,"executionTime":0}
{"timestamp":"2026-04-05T13:37:52.327Z","sessionId":"347dd47f-62eb-4752-a22f-5d100e6df051","action":"screenshot","command":"70e390883d7aecc82e042238579a23ab:ca092cc246c5250c21eebc02cd15ecf2","riskLevel":"low","success":true,"executionTime":0}
{"timestamp":"2026-04-05T15:04:15.076Z","sessionId":"805aa19e-cfde-45a9-8968-b143779c7e71","action":"screenshot","command":"b79ad95a43be8ea4b7cb810122882dee:ff8726c75f443a55fbf084199cf508b3","riskLevel":"low","success":true,"executionTime":0}
{"timestamp":"2026-04-05T16:25:20.900Z","sessionId":"6dbb0bae-2a9b-4467-9d32-89e7c622d1d1","action":"screenshot","command":"fabbe57ee8b7dd1ebb463d7a0c552acc:5376ce8c1788e6f9c571facaea009f05","riskLevel":"low","success":true,"executionTime":1}
